Added Component: Designator=AMS1(SOT223)
Added Component: Designator=BT1(Nut Nhan 2 Chan SMD 3x6x2.5)
Added Component: Designator=C1(tu 0805)
Added Component: Designator=C2(tu 0805)
Added Component: Designator=C3(tu hoa 8mm)
Added Component: Designator=C4(tu gom)
Added Component: Designator=C5(tu 0805)
Added Component: Designator=C6(tu 0805)
Added Component: Designator=C7(tu 0805)
Added Component: Designator=C8(tu 0805)
Added Component: Designator=C9(tu 0805)
Added Component: Designator=C10(tu 0805)
Added Component: Designator=C11(tu 0805)
Added Component: Designator=F1(Cau chi tu phuc hoi 2A 24V SMD1812)
Added Component: Designator=JACK DC1(JACK DC 5.5)
Added Component: Designator=JP1(JP 1x4 CC)
Added Component: Designator=JP2(JP 2x3 DT)
Added Component: Designator=JP3(JP 1x20 CT)
Added Component: Designator=JP4(JP 1x20 CT)
Added Component: Designator=L1(LED-3MM-RED)
Added Component: Designator=L2(LED-3MM-GREEN)
Added Component: Designator=L3(LED-3MM-GREEN)
Added Component: Designator=R1(tro smd 0805)
Added Component: Designator=R2(tro smd 0805)
Added Component: Designator=R3(tro smd 0805)
Added Component: Designator=R4(tro smd 0805)
Added Component: Designator=R5(tro smd 0805)
Added Component: Designator=R6(tro smd 0805)
Added Component: Designator=R7(tro smd 0603)
Added Component: Designator=R8(tro smd 0603)
Added Component: Designator=R9(tro smd 0805)
Added Component: Designator=R10(tro smd 0805)
Added Component: Designator=U1(STM32_LQPF48)
Added Component: Designator=USB1(USB Micro 5p SMD)
Added Component: Designator=Y1(Thach Anh 2 chan cam)
Added Component: Designator=Y2(Thach Anh 2 Chan 32,768 KHz)
Added Pin To Net: NetName=5V Pin=AMS1-3
Added Pin To Net: NetName=5V Pin=C3-1
Added Pin To Net: NetName=5V Pin=F1-2
Added Pin To Net: NetName=5V Pin=JP4-3
Added Pin To Net: NetName=5V Pin=R2-2
Added Pin To Net: NetName=5V Pin=R3-2
Added Net: Name=5V
Added Pin To Net: NetName=BOOT0 Pin=R7-1
Added Net: Name=BOOT0
Added Pin To Net: NetName=BOOT1 Pin=R8-2
Added Pin To Net: NetName=BOOT1 Pin=U1-20
Added Net: Name=BOOT1
Added Pin To Net: NetName=GND Pin=AMS1-1
Added Pin To Net: NetName=GND Pin=BT1-1
Added Pin To Net: NetName=GND Pin=C2-2
Added Pin To Net: NetName=GND Pin=C3-2
Added Pin To Net: NetName=GND Pin=C4-2
Added Pin To Net: NetName=GND Pin=C6-2
Added Pin To Net: NetName=GND Pin=C7-2
Added Pin To Net: NetName=GND Pin=C8-2
Added Pin To Net: NetName=GND Pin=C9-2
Added Pin To Net: NetName=GND Pin=C10-2
Added Pin To Net: NetName=GND Pin=C11-2
Added Pin To Net: NetName=GND Pin=JACK DC1-1
Added Pin To Net: NetName=GND Pin=JP1-4
Added Pin To Net: NetName=GND Pin=JP2-3
Added Pin To Net: NetName=GND Pin=JP2-4
Added Pin To Net: NetName=GND Pin=JP3-19
Added Pin To Net: NetName=GND Pin=JP3-20
Added Pin To Net: NetName=GND Pin=JP4-2
Added Pin To Net: NetName=GND Pin=L1-2
Added Pin To Net: NetName=GND Pin=R9-2
Added Pin To Net: NetName=GND Pin=U1-8
Added Pin To Net: NetName=GND Pin=U1-23
Added Pin To Net: NetName=GND Pin=U1-35
Added Pin To Net: NetName=GND Pin=USB1-5
Added Pin To Net: NetName=GND Pin=USB1-5
Added Pin To Net: NetName=GND Pin=USB1-5
Added Net: Name=GND
Added Pin To Net: NetName=NetC1_2 Pin=C1-2
Added Pin To Net: NetName=NetC1_2 Pin=C5-2
Added Net: Name=NetC1_2
Added Pin To Net: NetName=NetF1_1 Pin=F1-1
Added Pin To Net: NetName=NetF1_1 Pin=USB1-1
Added Net: Name=NetF1_1
Added Pin To Net: NetName=NetJP2_2 Pin=JP2-2
Added Pin To Net: NetName=NetJP2_2 Pin=R7-2
Added Net: Name=NetJP2_2
Added Pin To Net: NetName=NetJP2_5 Pin=JP2-5
Added Pin To Net: NetName=NetJP2_5 Pin=R8-1
Added Net: Name=NetJP2_5
Added Pin To Net: NetName=NetL1_1 Pin=L1-1
Added Pin To Net: NetName=NetL1_1 Pin=R3-1
Added Net: Name=NetL1_1
Added Pin To Net: NetName=NetL3_2 Pin=L3-2
Added Pin To Net: NetName=NetL3_2 Pin=R10-1
Added Net: Name=NetL3_2
Added Pin To Net: NetName=NetR5_1 Pin=R5-1
Added Pin To Net: NetName=NetR5_1 Pin=USB1-2
Added Net: Name=NetR5_1
Added Pin To Net: NetName=NetR6_1 Pin=R6-1
Added Pin To Net: NetName=NetR6_1 Pin=USB1-3
Added Net: Name=NetR6_1
Added Pin To Net: NetName=OSC_IN Pin=C1-1
Added Pin To Net: NetName=OSC_IN Pin=R4-2
Added Pin To Net: NetName=OSC_IN Pin=U1-5
Added Pin To Net: NetName=OSC_IN Pin=Y1-1
Added Net: Name=OSC_IN
Added Pin To Net: NetName=OSC_OUT Pin=C5-1
Added Pin To Net: NetName=OSC_OUT Pin=R4-1
Added Pin To Net: NetName=OSC_OUT Pin=U1-6
Added Pin To Net: NetName=OSC_OUT Pin=Y1-2
Added Net: Name=OSC_OUT
Added Pin To Net: NetName=PA0 Pin=JP3-5
Added Pin To Net: NetName=PA0 Pin=U1-10
Added Net: Name=PA0
Added Pin To Net: NetName=PA1 Pin=JP3-6
Added Pin To Net: NetName=PA1 Pin=U1-11
Added Net: Name=PA1
Added Pin To Net: NetName=PA2 Pin=JP3-7
Added Pin To Net: NetName=PA2 Pin=U1-12
Added Net: Name=PA2
Added Pin To Net: NetName=PA3 Pin=JP3-8
Added Pin To Net: NetName=PA3 Pin=U1-13
Added Net: Name=PA3
Added Pin To Net: NetName=PA4 Pin=JP3-9
Added Pin To Net: NetName=PA4 Pin=U1-14
Added Net: Name=PA4
Added Pin To Net: NetName=PA5 Pin=JP3-10
Added Pin To Net: NetName=PA5 Pin=U1-15
Added Net: Name=PA5
Added Pin To Net: NetName=PA6 Pin=JP3-11
Added Pin To Net: NetName=PA6 Pin=U1-16
Added Net: Name=PA6
Added Pin To Net: NetName=PA7 Pin=JP3-12
Added Pin To Net: NetName=PA7 Pin=U1-17
Added Net: Name=PA7
Added Pin To Net: NetName=PA8 Pin=JP4-16
Added Pin To Net: NetName=PA8 Pin=U1-29
Added Net: Name=PA8
Added Pin To Net: NetName=PA9 Pin=JP4-15
Added Pin To Net: NetName=PA9 Pin=U1-30
Added Net: Name=PA9
Added Pin To Net: NetName=PA10 Pin=JP4-14
Added Pin To Net: NetName=PA10 Pin=U1-31
Added Net: Name=PA10
Added Pin To Net: NetName=PA11 Pin=JP4-13
Added Net: Name=PA11
Added Pin To Net: NetName=PA12 Pin=JP4-12
Added Net: Name=PA12
Added Pin To Net: NetName=PA15 Pin=JP4-11
Added Net: Name=PA15
Added Pin To Net: NetName=PB0 Pin=JP3-13
Added Pin To Net: NetName=PB0 Pin=U1-18
Added Net: Name=PB0
Added Pin To Net: NetName=PB1 Pin=JP3-14
Added Pin To Net: NetName=PB1 Pin=U1-19
Added Net: Name=PB1
Added Pin To Net: NetName=PB3 Pin=JP4-10
Added Net: Name=PB3
Added Pin To Net: NetName=PB4 Pin=JP4-9
Added Net: Name=PB4
Added Pin To Net: NetName=PB5 Pin=JP4-8
Added Net: Name=PB5
Added Pin To Net: NetName=PB6 Pin=JP4-7
Added Net: Name=PB6
Added Pin To Net: NetName=PB7 Pin=JP4-6
Added Net: Name=PB7
Added Pin To Net: NetName=PB8 Pin=JP4-5
Added Net: Name=PB8
Added Pin To Net: NetName=PB9 Pin=JP4-4
Added Net: Name=PB9
Added Pin To Net: NetName=PB10 Pin=JP3-15
Added Pin To Net: NetName=PB10 Pin=U1-21
Added Net: Name=PB10
Added Pin To Net: NetName=PB11 Pin=JP3-16
Added Pin To Net: NetName=PB11 Pin=U1-22
Added Net: Name=PB11
Added Pin To Net: NetName=PB12 Pin=JP4-20
Added Pin To Net: NetName=PB12 Pin=U1-25
Added Net: Name=PB12
Added Pin To Net: NetName=PB13 Pin=JP4-19
Added Pin To Net: NetName=PB13 Pin=U1-26
Added Net: Name=PB13
Added Pin To Net: NetName=PB14 Pin=JP4-18
Added Pin To Net: NetName=PB14 Pin=U1-27
Added Net: Name=PB14
Added Pin To Net: NetName=PB15 Pin=JP4-17
Added Pin To Net: NetName=PB15 Pin=U1-28
Added Net: Name=PB15
Added Pin To Net: NetName=PC13 Pin=JP3-2
Added Pin To Net: NetName=PC13 Pin=R10-2
Added Pin To Net: NetName=PC13 Pin=U1-2
Added Net: Name=PC13
Added Pin To Net: NetName=PC14 Pin=C2-1
Added Pin To Net: NetName=PC14 Pin=JP3-3
Added Pin To Net: NetName=PC14 Pin=U1-3
Added Pin To Net: NetName=PC14 Pin=Y2-2
Added Net: Name=PC14
Added Pin To Net: NetName=PC15 Pin=C6-1
Added Pin To Net: NetName=PC15 Pin=JP3-4
Added Pin To Net: NetName=PC15 Pin=U1-4
Added Pin To Net: NetName=PC15 Pin=Y2-1
Added Net: Name=PC15
Added Pin To Net: NetName=RESET Pin=BT1-2
Added Pin To Net: NetName=RESET Pin=C7-1
Added Pin To Net: NetName=RESET Pin=JP3-17
Added Pin To Net: NetName=RESET Pin=R1-1
Added Pin To Net: NetName=RESET Pin=U1-7
Added Net: Name=RESET
Added Pin To Net: NetName=SWCLK Pin=JP1-3
Added Net: Name=SWCLK
Added Pin To Net: NetName=SWDIO Pin=JP1-2
Added Pin To Net: NetName=SWDIO Pin=U1-34
Added Net: Name=SWDIO
Added Pin To Net: NetName=USB_D+ Pin=R2-1
Added Pin To Net: NetName=USB_D+ Pin=R6-2
Added Pin To Net: NetName=USB_D+ Pin=U1-33
Added Net: Name=USB_D+
Added Pin To Net: NetName=USB_D- Pin=R5-2
Added Pin To Net: NetName=USB_D- Pin=U1-32
Added Net: Name=USB_D-
Added Pin To Net: NetName=VBAT Pin=JP3-1
Added Pin To Net: NetName=VBAT Pin=U1-1
Added Net: Name=VBAT
Added Pin To Net: NetName=VCC3V3 Pin=AMS1-2
Added Pin To Net: NetName=VCC3V3 Pin=AMS1-4
Added Pin To Net: NetName=VCC3V3 Pin=JP2-1
Added Pin To Net: NetName=VCC3V3 Pin=JP2-6
Added Pin To Net: NetName=VCC3V3 Pin=L2-1
Added Pin To Net: NetName=VCC3V3 Pin=L3-1
Added Pin To Net: NetName=VCC3V3 Pin=U1-9
Added Pin To Net: NetName=VCC3V3 Pin=U1-24
Added Pin To Net: NetName=VCC3V3 Pin=U1-36
Added Net: Name=VCC3V3
Added Pin To Net: NetName=VCC_3V3 Pin=C4-1
Added Pin To Net: NetName=VCC_3V3 Pin=JP1-1
Added Pin To Net: NetName=VCC_3V3 Pin=JP3-18
Added Pin To Net: NetName=VCC_3V3 Pin=JP4-1
Added Pin To Net: NetName=VCC_3V3 Pin=R1-2
Added Net: Name=VCC_3V3
Added Pin To Net: NetName=VCC Pin=C8-1
Added Pin To Net: NetName=VCC Pin=C9-1
Added Pin To Net: NetName=VCC Pin=C10-1
Added Pin To Net: NetName=VCC Pin=C11-1
Added Pin To Net: NetName=VCC Pin=JACK DC1-2
Added Net: Name=VCC
Added Class: Name=SCH_STM32F103C8T6
Added Room: Name=SCH_STM32F103C8T6
